c:\users\bogdan strohonov\desktop\language development\evalanguage\language\intermediate\debug-x64\language\vc142.pdb
c:\users\bogdan strohonov\desktop\language development\evalanguage\language\intermediate\debug-x64\language\vc142.idb
c:\users\bogdan strohonov\desktop\language development\evalanguage\language\intermediate\debug-x64\language\imgui_widgets.obj
c:\users\bogdan strohonov\desktop\language development\evalanguage\language\intermediate\debug-x64\language\imgui_draw.obj
c:\users\bogdan strohonov\desktop\language development\evalanguage\language\intermediate\debug-x64\language\imgui_demo.obj
c:\users\bogdan strohonov\desktop\language development\evalanguage\language\intermediate\debug-x64\language\imgui.obj
c:\users\bogdan strohonov\desktop\language development\evalanguage\language\intermediate\debug-x64\language\main.obj
c:\users\bogdan strohonov\desktop\language development\evalanguage\language\intermediate\debug-x64\language\imgui_impl_opengl3.obj
c:\users\bogdan strohonov\desktop\language development\evalanguage\language\intermediate\debug-x64\language\imgui_impl_glfw.obj
c:\users\bogdan strohonov\desktop\language development\evalanguage\language\intermediate\debug-x64\language\application.obj
c:\users\bogdan strohonov\desktop\language development\evalanguage\language\bin\debug-x64\language\language.lib
c:\users\bogdan strohonov\desktop\language development\evalanguage\language\bin\debug-x64\language\language.exp
c:\users\bogdan strohonov\desktop\language development\evalanguage\language\bin\debug-x64\language\language.exe
c:\users\bogdan strohonov\desktop\language development\evalanguage\language\intermediate\debug-x64\language\language.ilk
c:\users\bogdan strohonov\desktop\language development\evalanguage\language\bin\debug-x64\language\language.pdb
c:\users\bogdan strohonov\desktop\language development\evalanguage\\language\bin\debug-x64\language\language.pdb
c:\users\bogdan strohonov\desktop\language development\evalanguage\language\intermediate\debug-x64\language\language.tlog\cl.command.1.tlog
c:\users\bogdan strohonov\desktop\language development\evalanguage\language\intermediate\debug-x64\language\language.tlog\cl.read.1.tlog
c:\users\bogdan strohonov\desktop\language development\evalanguage\language\intermediate\debug-x64\language\language.tlog\cl.write.1.tlog
c:\users\bogdan strohonov\desktop\language development\evalanguage\language\intermediate\debug-x64\language\language.tlog\language.write.1u.tlog
c:\users\bogdan strohonov\desktop\language development\evalanguage\language\intermediate\debug-x64\language\language.tlog\link.command.1.tlog
c:\users\bogdan strohonov\desktop\language development\evalanguage\language\intermediate\debug-x64\language\language.tlog\link.read.1.tlog
c:\users\bogdan strohonov\desktop\language development\evalanguage\language\intermediate\debug-x64\language\language.tlog\link.write.1.tlog
